Arguments: 
  C:\Program Files (x86)\nodejs\node.exe C:\Program Files (x86)\Yarn\bin\yarn.js add git-open -g

PATH: 
  C:\Users\lsq\desktop\hexoblog\node_modules\hexo\bin;C:\Users\lsq\local;C:\Users\lsq\bin;D:\gitbash\Git\mingw64\bin;D:\gitbash\Git\usr\local\bin;D:\gitbash\Git\usr\bin;D:\gitbash\Git\usr\bin;D:\gitbash\Git\mingw64\bin;D:\gitbash\Git\usr\bin;C:\Users\lsq\bin;C:\Windows\system32;C:\Windows;C:\Windows\System32\Wbem;D:\gitbash\Git\cmd;D:\gitbash\Git\mingw64\bin;D:\gitbash\Git\usr\bin;C:\Windows\System32\WindowsPowerShell\v1.0;C:\Program Files (x86)\nodejs;C:\Windows\System32\WindowsPowerShell\v1.0;C:\Users\lsq\AppData\Roaming\npm;D:\VSCodeUser\Microsoft VS Code\bin;D:\gitbash\Git\usr\bin\vendor_perl;D:\gitbash\Git\usr\bin\core_perl;C:\Program Files (x86)\GnuWin32\bin;C:\Program Files (x86)\Yarn\bin

Yarn version: 
  1.15.2

Node version: 
  10.16.0

Platform: 
  win32 x64

Trace: 
  Error: EPERM: operation not permitted, unlink 'C:\Users\lsq\Desktop\seth project\vue-project\seed-ui\node_modules\deasync\bin\win32-x64-node-10\deasync.node'

npm manifest: 
  {
    "name": "seed-ui",
    "version": "0.0.1",
    "description": "ui framework",
    "main": "index.js",
    "scripts": {
      "dev": "npx parcel index.html",
      "build": "parcel build index.html --no-cache --no-minify",
      "dev-test": "parcel watch test/* --no-cache & karma start",
      "test": "parcel build test/* --no-minify && karma start --single-run"
    },
    "keywords": [
      "ui",
      "framework"
    ],
    "author": "sethlee",
    "license": "MIT",
    "dependencies": {
      "chai": "^4.2.0",
      "chai-spies": "^1.0.0",
      "svg.js": "^2.7.1",
      "vue": "^2.6.10",
      "vue-hot-reload-api": "^2.3.3"
    },
    "devDependencies": {
      "@vue/component-compiler-utils": "^3.0.0",
      "karma": "^4.1.0",
      "karma-chai": "^0.1.0",
      "karma-chai-spies": "^0.1.4",
      "karma-chrome-launcher": "^2.2.0",
      "karma-mocha": "^1.3.0",
      "karma-sinon-chai": "^2.0.2",
      "mocha": "^6.1.4",
      "parcel-bundler": "^1.12.3",
      "sass": "^1.21.0",
      "sinon": "^7.3.2",
      "sinon-chai": "^3.3.0",
      "vue-template-compiler": "^2.6.10"
    },
    "alias": {
      "vue": "./node_modules/vue/dist/vue.common.js"
    }
  }

yarn manifest: 
  No manifest

Lockfile: 
  No lockfile
